== Game Lookup data update ==
Project: /home/ramsay/webapp/game-lookup
Season start year: 2025
Exports: /home/ramsay/webapp/game-lookup/exports
Data: /home/ramsay/webapp/game-lookup/data
Log: /home/ramsay/webapp/game-lookup/logs/update_2025-12-29_010532.log

Scraping months: 2025-10 2025-11 2025-12 2026-01 2026-02
→ Scraping 2025-10 -> /home/ramsay/webapp/game-lookup/exports/2025-10.csv
📄 Fetching schedule: https://lakeshorehockeyleague.net/Groups/1313/Schedule/?Month=10&Year=2025
🔎 Found 31 game links. Fetching details...
✅ Wrote 31 games to: /home/ramsay/webapp/game-lookup/exports/2025-10.csv
→ Scraping 2025-11 -> /home/ramsay/webapp/game-lookup/exports/2025-11.csv
📄 Fetching schedule: https://lakeshorehockeyleague.net/Groups/1313/Schedule/?Month=11&Year=2025
🔎 Found 41 game links. Fetching details...
✅ Wrote 41 games to: /home/ramsay/webapp/game-lookup/exports/2025-11.csv
→ Scraping 2025-12 -> /home/ramsay/webapp/game-lookup/exports/2025-12.csv
📄 Fetching schedule: https://lakeshorehockeyleague.net/Groups/1313/Schedule/?Month=12&Year=2025
🔎 Found 23 game links. Fetching details...
✅ Wrote 23 games to: /home/ramsay/webapp/game-lookup/exports/2025-12.csv
→ Scraping 2026-01 -> /home/ramsay/webapp/game-lookup/exports/2026-01.csv
📄 Fetching schedule: https://lakeshorehockeyleague.net/Groups/1313/Schedule/?Month=1&Year=2026
🔎 Found 35 game links. Fetching details...
✅ Wrote 35 games to: /home/ramsay/webapp/game-lookup/exports/2026-01.csv
→ Scraping 2026-02 -> /home/ramsay/webapp/game-lookup/exports/2026-02.csv
📄 Fetching schedule: https://lakeshorehockeyleague.net/Groups/1313/Schedule/?Month=2&Year=2026
🔎 Found 5 game links. Fetching details...
✅ Wrote 5 games to: /home/ramsay/webapp/game-lookup/exports/2026-02.csv

Combining/deduping/sorting into data/combined.csv ...
✅ Combined 10 file(s)
✅ Wrote 135 deduped rows to: /home/ramsay/webapp/game-lookup/data/combined.csv

Converting to data/games.json ...
📄 Reading: /home/ramsay/webapp/game-lookup/data/combined.csv
✅ Wrote 135 rows to: /home/ramsay/webapp/game-lookup/data/games.json

✅ Done. Updated files:
-rw-rw-r-- 1 ramsay ramsay 27977 Dec 29 01:06 /home/ramsay/webapp/game-lookup/data/combined.csv
-rw-rw-r-- 1 ramsay ramsay 56771 Dec 29 01:06 /home/ramsay/webapp/game-lookup/data/games.json
